<?xml version="1.0" encoding="UTF-8"?>
<testsuite xmlns:xsi="http://www.w3.org/2001/XMLSchema-instance" xsi:noNamespaceSchemaLocation="https://maven.apache.org/surefire/maven-surefire-plugin/xsd/surefire-test-report-3.0.xsd" version="3.0" name="runners.CucumberMain" time="8.871" tests="1" errors="0" skipped="0" failures="0">
  <properties>
[...]
</properties>
  <testcase name="Creation d&apos;un compte Etudiant" classname="Creation de compte Campus France" time="8.383">
    <system-out><![CDATA[
Scenario: Creation d'un compte Etudiant                           &amp#27;[90m# src/test/resources/features/creation_etudiant.feature:3&amp#27;[0m
Local execution: running Edge with UI
  &amp#27;[32mGiven &amp#27;[0m&amp#27;[32mje suis sur la page de creation de compte&amp#27;[0m                 &amp#27;[90m# steps.CreationDeCompteCampusFranceSteps.jeSuisSurLaPageDeCreationDeCompte()&amp#27;[0m
  &amp#27;[32mWhen &amp#27;[0m&amp#27;[32mje saisi les informations utilisateur&amp#27;[0m                      &amp#27;[90m# steps.CreationDeCompteCampusFranceSteps.jeSaisiLesInformationsUtilisateur()&amp#27;[0m
  &amp#27;[32mThen &amp#27;[0m&amp#27;[32mle bouton creer affiche un message &amp#27;[0m&amp#27;[32m&amp#27;[1m"votre compte est cree"&amp#27;[0m &amp#27;[90m# steps.CreationDeCompteCampusFranceSteps.leBoutonCreerAfficheUnMessage(java.lang.String)&amp#27;[0m
]]></system-out>
    <system-err><![CDATA[janv. 21, 2026 10:00:45 PM org.openqa.selenium.manager.SeleniumManager lambda$runCommand$1
WARNING: There was an error managing msedgedriver (error sending request for url (https://msedgedriver.azureedge.net/LATEST_RELEASE_144_WINDOWS)); using driver found in the cache
janv. 21, 2026 10:00:46 PM org.openqa.selenium.devtools.CdpVersionFinder findNearestMatch
WARNING: Unable to find CDP implementation matching 144
janv. 21, 2026 10:00:46 PM org.openqa.selenium.chromium.ChromiumDriver lambda$new$5
WARNING: Unable to find version of CDP to use for 144.0.3719.82. You may need to include a dependency on a specific version of the CDP using something similar to `org.seleniumhq.selenium:selenium-devtools-v86:4.24.0` where the version ("v86") matches the version of the chromium-based browser you're using and the version number of the artifact is the same as Selenium's.
]]></system-err>
  </testcase>
</testsuite>